<?xml version="1.0" encoding="UTF-8"?>
<!-- Generated by org.testng.reporters.JUnitReportReporter -->
<testsuite hostname="SIVPRIHAAN" failures="0" tests="7" name="runner.TestRunner" time="31.270" errors="0" timestamp="2024-03-26T21:00:12 EDT" skipped="0">
  <testcase classname="runner.TestRunner" name="runScenario" time="4.625"/>
  <testcase classname="runner.TestRunner" name="runScenario" time="4.553"/>
  <testcase classname="runner.TestRunner" name="runScenario" time="4.408"/>
  <testcase classname="runner.TestRunner" name="runScenario" time="3.923"/>
  <testcase classname="runner.TestRunner" name="runScenario" time="4.397"/>
  <testcase classname="runner.TestRunner" name="runScenario" time="4.658"/>
  <testcase classname="runner.TestRunner" name="runScenario" time="4.706"/>
</testsuite> <!-- runner.TestRunner -->
