<?xml version="1.0" encoding="UTF-8"?>
<!-- Generated by org.testng.reporters.JUnitReportReporter -->
<testsuite hostname="SIVPRIHAAN" failures="0" tests="132" name="runner.TestRunner" time="1024.813" errors="0" timestamp="2024-03-27T12:44:13 EDT" skipped="0">
  <testcase classname="runner.TestRunner" name="runScenario" time="8.146"/>
  <testcase classname="runner.TestRunner" name="runScenario" time="6.719"/>
  <testcase classname="runner.TestRunner" name="runScenario" time="8.529"/>
  <testcase classname="runner.TestRunner" name="runScenario" time="9.230"/>
  <testcase classname="runner.TestRunner" name="runScenario" time="8.510"/>
  <testcase classname="runner.TestRunner" name="runScenario" time="8.743"/>
  <testcase classname="runner.TestRunner" name="runScenario" time="6.264"/>
  <testcase classname="runner.TestRunner" name="runScenario" time="4.191"/>
  <testcase classname="runner.TestRunner" name="runScenario" time="4.633"/>
  <testcase classname="runner.TestRunner" name="runScenario" time="8.225"/>
  <testcase classname="runner.TestRunner" name="runScenario" time="11.146"/>
  <testcase classname="runner.TestRunner" name="runScenario" time="8.225"/>
  <testcase classname="runner.TestRunner" name="runScenario" time="8.183"/>
  <testcase classname="runner.TestRunner" name="runScenario" time="4.340"/>
  <testcase classname="runner.TestRunner" name="runScenario" time="9.401"/>
  <testcase classname="runner.TestRunner" name="runScenario" time="7.719"/>
  <testcase classname="runner.TestRunner" name="runScenario" time="9.876"/>
  <testcase classname="runner.TestRunner" name="runScenario" time="11.132"/>
  <testcase classname="runner.TestRunner" name="runScenario" time="8.248"/>
  <testcase classname="runner.TestRunner" name="runScenario" time="7.524"/>
  <testcase classname="runner.TestRunner" name="runScenario" time="4.955"/>
  <testcase classname="runner.TestRunner" name="runScenario" time="7.671"/>
  <testcase classname="runner.TestRunner" name="runScenario" time="9.549"/>
  <testcase classname="runner.TestRunner" name="runScenario" time="7.374"/>
  <testcase classname="runner.TestRunner" name="runScenario" time="5.911"/>
  <testcase classname="runner.TestRunner" name="runScenario" time="7.934"/>
  <testcase classname="runner.TestRunner" name="runScenario" time="9.043"/>
  <testcase classname="runner.TestRunner" name="runScenario" time="8.109"/>
  <testcase classname="runner.TestRunner" name="runScenario" time="6.828"/>
  <testcase classname="runner.TestRunner" name="runScenario" time="11.146"/>
  <testcase classname="runner.TestRunner" name="runScenario" time="8.902"/>
  <testcase classname="runner.TestRunner" name="runScenario" time="11.145"/>
  <testcase classname="runner.TestRunner" name="runScenario" time="6.362"/>
  <testcase classname="runner.TestRunner" name="runScenario" time="7.280"/>
  <testcase classname="runner.TestRunner" name="runScenario" time="8.193"/>
  <testcase classname="runner.TestRunner" name="runScenario" time="8.128"/>
  <testcase classname="runner.TestRunner" name="runScenario" time="4.725"/>
  <testcase classname="runner.TestRunner" name="runScenario" time="8.674"/>
  <testcase classname="runner.TestRunner" name="runScenario" time="4.816"/>
  <testcase classname="runner.TestRunner" name="runScenario" time="7.861"/>
  <testcase classname="runner.TestRunner" name="runScenario" time="11.133"/>
  <testcase classname="runner.TestRunner" name="runScenario" time="7.526"/>
  <testcase classname="runner.TestRunner" name="runScenario" time="9.905"/>
  <testcase classname="runner.TestRunner" name="runScenario" time="6.945"/>
  <testcase classname="runner.TestRunner" name="runScenario" time="6.333"/>
  <testcase classname="runner.TestRunner" name="runScenario" time="7.812"/>
  <testcase classname="runner.TestRunner" name="runScenario" time="4.951"/>
  <testcase classname="runner.TestRunner" name="runScenario" time="11.146"/>
  <testcase classname="runner.TestRunner" name="runScenario" time="10.128"/>
  <testcase classname="runner.TestRunner" name="runScenario" time="4.825"/>
  <testcase classname="runner.TestRunner" name="runScenario" time="8.657"/>
  <testcase classname="runner.TestRunner" name="runScenario" time="9.858"/>
  <testcase classname="runner.TestRunner" name="runScenario" time="7.814"/>
  <testcase classname="runner.TestRunner" name="runScenario" time="5.283"/>
  <testcase classname="runner.TestRunner" name="runScenario" time="9.962"/>
  <testcase classname="runner.TestRunner" name="runScenario" time="4.657"/>
  <testcase classname="runner.TestRunner" name="runScenario" time="7.456"/>
  <testcase classname="runner.TestRunner" name="runScenario" time="7.774"/>
  <testcase classname="runner.TestRunner" name="runScenario" time="9.508"/>
  <testcase classname="runner.TestRunner" name="runScenario" time="7.054"/>
  <testcase classname="runner.TestRunner" name="runScenario" time="7.501"/>
  <testcase classname="runner.TestRunner" name="runScenario" time="8.241"/>
  <testcase classname="runner.TestRunner" name="runScenario" time="9.044"/>
  <testcase classname="runner.TestRunner" name="runScenario" time="6.576"/>
  <testcase classname="runner.TestRunner" name="runScenario" time="6.047"/>
  <testcase classname="runner.TestRunner" name="runScenario" time="8.241"/>
  <testcase classname="runner.TestRunner" name="runScenario" time="6.633"/>
  <testcase classname="runner.TestRunner" name="runScenario" time="5.477"/>
  <testcase classname="runner.TestRunner" name="runScenario" time="8.537"/>
  <testcase classname="runner.TestRunner" name="runScenario" time="8.088"/>
  <testcase classname="runner.TestRunner" name="runScenario" time="7.621"/>
  <testcase classname="runner.TestRunner" name="runScenario" time="7.633"/>
  <testcase classname="runner.TestRunner" name="runScenario" time="7.246"/>
  <testcase classname="runner.TestRunner" name="runScenario" time="8.297"/>
  <testcase classname="runner.TestRunner" name="runScenario" time="7.174"/>
  <testcase classname="runner.TestRunner" name="runScenario" time="7.277"/>
  <testcase classname="runner.TestRunner" name="runScenario" time="7.976"/>
  <testcase classname="runner.TestRunner" name="runScenario" time="4.338"/>
  <testcase classname="runner.TestRunner" name="runScenario" time="8.370"/>
  <testcase classname="runner.TestRunner" name="runScenario" time="8.298"/>
  <testcase classname="runner.TestRunner" name="runScenario" time="5.545"/>
  <testcase classname="runner.TestRunner" name="runScenario" time="11.146"/>
  <testcase classname="runner.TestRunner" name="runScenario" time="8.246"/>
  <testcase classname="runner.TestRunner" name="runScenario" time="4.994"/>
  <testcase classname="runner.TestRunner" name="runScenario" time="8.004"/>
  <testcase classname="runner.TestRunner" name="runScenario" time="6.872"/>
  <testcase classname="runner.TestRunner" name="runScenario" time="8.090"/>
  <testcase classname="runner.TestRunner" name="runScenario" time="4.761"/>
  <testcase classname="runner.TestRunner" name="runScenario" time="6.972"/>
  <testcase classname="runner.TestRunner" name="runScenario" time="8.257"/>
  <testcase classname="runner.TestRunner" name="runScenario" time="5.329"/>
  <testcase classname="runner.TestRunner" name="runScenario" time="7.500"/>
  <testcase classname="runner.TestRunner" name="runScenario" time="8.122"/>
  <testcase classname="runner.TestRunner" name="runScenario" time="7.399"/>
  <testcase classname="runner.TestRunner" name="runScenario" time="9.305"/>
  <testcase classname="runner.TestRunner" name="runScenario" time="5.292"/>
  <testcase classname="runner.TestRunner" name="runScenario" time="9.954"/>
  <testcase classname="runner.TestRunner" name="runScenario" time="9.181"/>
  <testcase classname="runner.TestRunner" name="runScenario" time="6.671"/>
  <testcase classname="runner.TestRunner" name="runScenario" time="4.647"/>
  <testcase classname="runner.TestRunner" name="runScenario" time="8.491"/>
  <testcase classname="runner.TestRunner" name="runScenario" time="7.842"/>
  <testcase classname="runner.TestRunner" name="runScenario" time="5.188"/>
  <testcase classname="runner.TestRunner" name="runScenario" time="6.160"/>
  <testcase classname="runner.TestRunner" name="runScenario" time="10.002"/>
  <testcase classname="runner.TestRunner" name="runScenario" time="7.953"/>
  <testcase classname="runner.TestRunner" name="runScenario" time="5.691"/>
  <testcase classname="runner.TestRunner" name="runScenario" time="6.012"/>
  <testcase classname="runner.TestRunner" name="runScenario" time="8.180"/>
  <testcase classname="runner.TestRunner" name="runScenario" time="11.145"/>
  <testcase classname="runner.TestRunner" name="runScenario" time="8.973"/>
  <testcase classname="runner.TestRunner" name="runScenario" time="5.657"/>
  <testcase classname="runner.TestRunner" name="runScenario" time="8.469"/>
  <testcase classname="runner.TestRunner" name="runScenario" time="8.290"/>
  <testcase classname="runner.TestRunner" name="runScenario" time="8.043"/>
  <testcase classname="runner.TestRunner" name="runScenario" time="7.473"/>
  <testcase classname="runner.TestRunner" name="runScenario" time="7.436"/>
  <testcase classname="runner.TestRunner" name="runScenario" time="11.145"/>
  <testcase classname="runner.TestRunner" name="runScenario" time="8.400"/>
  <testcase classname="runner.TestRunner" name="runScenario" time="7.697"/>
  <testcase classname="runner.TestRunner" name="runScenario" time="8.637"/>
  <testcase classname="runner.TestRunner" name="runScenario" time="8.113"/>
  <testcase classname="runner.TestRunner" name="runScenario" time="9.484"/>
  <testcase classname="runner.TestRunner" name="runScenario" time="8.142"/>
  <testcase classname="runner.TestRunner" name="runScenario" time="4.573"/>
  <testcase classname="runner.TestRunner" name="runScenario" time="8.777"/>
  <testcase classname="runner.TestRunner" name="runScenario" time="7.341"/>
  <testcase classname="runner.TestRunner" name="runScenario" time="9.487"/>
  <testcase classname="runner.TestRunner" name="runScenario" time="5.087"/>
  <testcase classname="runner.TestRunner" name="runScenario" time="9.964"/>
  <testcase classname="runner.TestRunner" name="runScenario" time="11.145"/>
  <testcase classname="runner.TestRunner" name="runScenario" time="8.597"/>
</testsuite> <!-- runner.TestRunner -->
