<?xml version="1.0" encoding="UTF-8"?>
<!-- Generated by org.testng.reporters.JUnitReportReporter -->
<testsuite hostname="SIVPRIHAAN" failures="0" tests="132" name="runner.TestRunner" time="1041.740" errors="0" timestamp="2024-03-25T23:26:07 EDT" skipped="0">
  <testcase classname="runner.TestRunner" name="runScenario" time="4.415"/>
  <testcase classname="runner.TestRunner" name="runScenario" time="8.237"/>
  <testcase classname="runner.TestRunner" name="runScenario" time="9.461"/>
  <testcase classname="runner.TestRunner" name="runScenario" time="7.960"/>
  <testcase classname="runner.TestRunner" name="runScenario" time="7.467"/>
  <testcase classname="runner.TestRunner" name="runScenario" time="10.507"/>
  <testcase classname="runner.TestRunner" name="runScenario" time="7.000"/>
  <testcase classname="runner.TestRunner" name="runScenario" time="5.363"/>
  <testcase classname="runner.TestRunner" name="runScenario" time="5.140"/>
  <testcase classname="runner.TestRunner" name="runScenario" time="9.250"/>
  <testcase classname="runner.TestRunner" name="runScenario" time="7.981"/>
  <testcase classname="runner.TestRunner" name="runScenario" time="10.438"/>
  <testcase classname="runner.TestRunner" name="runScenario" time="9.161"/>
  <testcase classname="runner.TestRunner" name="runScenario" time="6.702"/>
  <testcase classname="runner.TestRunner" name="runScenario" time="8.506"/>
  <testcase classname="runner.TestRunner" name="runScenario" time="5.048"/>
  <testcase classname="runner.TestRunner" name="runScenario" time="8.881"/>
  <testcase classname="runner.TestRunner" name="runScenario" time="8.992"/>
  <testcase classname="runner.TestRunner" name="runScenario" time="10.168"/>
  <testcase classname="runner.TestRunner" name="runScenario" time="8.960"/>
  <testcase classname="runner.TestRunner" name="runScenario" time="4.296"/>
  <testcase classname="runner.TestRunner" name="runScenario" time="6.800"/>
  <testcase classname="runner.TestRunner" name="runScenario" time="7.373"/>
  <testcase classname="runner.TestRunner" name="runScenario" time="8.732"/>
  <testcase classname="runner.TestRunner" name="runScenario" time="9.628"/>
  <testcase classname="runner.TestRunner" name="runScenario" time="7.459"/>
  <testcase classname="runner.TestRunner" name="runScenario" time="9.248"/>
  <testcase classname="runner.TestRunner" name="runScenario" time="4.851"/>
  <testcase classname="runner.TestRunner" name="runScenario" time="8.216"/>
  <testcase classname="runner.TestRunner" name="runScenario" time="4.935"/>
  <testcase classname="runner.TestRunner" name="runScenario" time="4.916"/>
  <testcase classname="runner.TestRunner" name="runScenario" time="11.500"/>
  <testcase classname="runner.TestRunner" name="runScenario" time="9.269"/>
  <testcase classname="runner.TestRunner" name="runScenario" time="8.770"/>
  <testcase classname="runner.TestRunner" name="runScenario" time="7.873"/>
  <testcase classname="runner.TestRunner" name="runScenario" time="5.028"/>
  <testcase classname="runner.TestRunner" name="runScenario" time="8.042"/>
  <testcase classname="runner.TestRunner" name="runScenario" time="9.153"/>
  <testcase classname="runner.TestRunner" name="runScenario" time="8.986"/>
  <testcase classname="runner.TestRunner" name="runScenario" time="7.216"/>
  <testcase classname="runner.TestRunner" name="runScenario" time="7.842"/>
  <testcase classname="runner.TestRunner" name="runScenario" time="4.626"/>
  <testcase classname="runner.TestRunner" name="runScenario" time="7.016"/>
  <testcase classname="runner.TestRunner" name="runScenario" time="9.139"/>
  <testcase classname="runner.TestRunner" name="runScenario" time="10.149"/>
  <testcase classname="runner.TestRunner" name="runScenario" time="6.777"/>
  <testcase classname="runner.TestRunner" name="runScenario" time="9.084"/>
  <testcase classname="runner.TestRunner" name="runScenario" time="7.874"/>
  <testcase classname="runner.TestRunner" name="runScenario" time="10.620"/>
  <testcase classname="runner.TestRunner" name="runScenario" time="8.012"/>
  <testcase classname="runner.TestRunner" name="runScenario" time="6.323"/>
  <testcase classname="runner.TestRunner" name="runScenario" time="9.170"/>
  <testcase classname="runner.TestRunner" name="runScenario" time="8.937"/>
  <testcase classname="runner.TestRunner" name="runScenario" time="10.032"/>
  <testcase classname="runner.TestRunner" name="runScenario" time="9.225"/>
  <testcase classname="runner.TestRunner" name="runScenario" time="7.246"/>
  <testcase classname="runner.TestRunner" name="runScenario" time="9.250"/>
  <testcase classname="runner.TestRunner" name="runScenario" time="9.834"/>
  <testcase classname="runner.TestRunner" name="runScenario" time="8.114"/>
  <testcase classname="runner.TestRunner" name="runScenario" time="8.095"/>
  <testcase classname="runner.TestRunner" name="runScenario" time="9.019"/>
  <testcase classname="runner.TestRunner" name="runScenario" time="9.310"/>
  <testcase classname="runner.TestRunner" name="runScenario" time="8.577"/>
  <testcase classname="runner.TestRunner" name="runScenario" time="7.598"/>
  <testcase classname="runner.TestRunner" name="runScenario" time="9.953"/>
  <testcase classname="runner.TestRunner" name="runScenario" time="9.109"/>
  <testcase classname="runner.TestRunner" name="runScenario" time="8.164"/>
  <testcase classname="runner.TestRunner" name="runScenario" time="8.156"/>
  <testcase classname="runner.TestRunner" name="runScenario" time="9.080"/>
  <testcase classname="runner.TestRunner" name="runScenario" time="5.975"/>
  <testcase classname="runner.TestRunner" name="runScenario" time="5.439"/>
  <testcase classname="runner.TestRunner" name="runScenario" time="6.611"/>
  <testcase classname="runner.TestRunner" name="runScenario" time="9.946"/>
  <testcase classname="runner.TestRunner" name="runScenario" time="7.216"/>
  <testcase classname="runner.TestRunner" name="runScenario" time="8.204"/>
  <testcase classname="runner.TestRunner" name="runScenario" time="4.806"/>
  <testcase classname="runner.TestRunner" name="runScenario" time="9.164"/>
  <testcase classname="runner.TestRunner" name="runScenario" time="9.084"/>
  <testcase classname="runner.TestRunner" name="runScenario" time="9.150"/>
  <testcase classname="runner.TestRunner" name="runScenario" time="4.543"/>
  <testcase classname="runner.TestRunner" name="runScenario" time="7.799"/>
  <testcase classname="runner.TestRunner" name="runScenario" time="7.879"/>
  <testcase classname="runner.TestRunner" name="runScenario" time="7.945"/>
  <testcase classname="runner.TestRunner" name="runScenario" time="5.138"/>
  <testcase classname="runner.TestRunner" name="runScenario" time="8.959"/>
  <testcase classname="runner.TestRunner" name="runScenario" time="7.360"/>
  <testcase classname="runner.TestRunner" name="runScenario" time="9.084"/>
  <testcase classname="runner.TestRunner" name="runScenario" time="10.126"/>
  <testcase classname="runner.TestRunner" name="runScenario" time="7.000"/>
  <testcase classname="runner.TestRunner" name="runScenario" time="4.885"/>
  <testcase classname="runner.TestRunner" name="runScenario" time="9.810"/>
  <testcase classname="runner.TestRunner" name="runScenario" time="8.051"/>
  <testcase classname="runner.TestRunner" name="runScenario" time="4.473"/>
  <testcase classname="runner.TestRunner" name="runScenario" time="9.284"/>
  <testcase classname="runner.TestRunner" name="runScenario" time="8.836"/>
  <testcase classname="runner.TestRunner" name="runScenario" time="4.888"/>
  <testcase classname="runner.TestRunner" name="runScenario" time="9.641"/>
  <testcase classname="runner.TestRunner" name="runScenario" time="9.829"/>
  <testcase classname="runner.TestRunner" name="runScenario" time="8.329"/>
  <testcase classname="runner.TestRunner" name="runScenario" time="4.623"/>
  <testcase classname="runner.TestRunner" name="runScenario" time="4.611"/>
  <testcase classname="runner.TestRunner" name="runScenario" time="9.150"/>
  <testcase classname="runner.TestRunner" name="runScenario" time="4.940"/>
  <testcase classname="runner.TestRunner" name="runScenario" time="7.983"/>
  <testcase classname="runner.TestRunner" name="runScenario" time="8.386"/>
  <testcase classname="runner.TestRunner" name="runScenario" time="8.896"/>
  <testcase classname="runner.TestRunner" name="runScenario" time="8.776"/>
  <testcase classname="runner.TestRunner" name="runScenario" time="9.730"/>
  <testcase classname="runner.TestRunner" name="runScenario" time="5.107"/>
  <testcase classname="runner.TestRunner" name="runScenario" time="4.821"/>
  <testcase classname="runner.TestRunner" name="runScenario" time="7.089"/>
  <testcase classname="runner.TestRunner" name="runScenario" time="8.759"/>
  <testcase classname="runner.TestRunner" name="runScenario" time="4.837"/>
  <testcase classname="runner.TestRunner" name="runScenario" time="6.497"/>
  <testcase classname="runner.TestRunner" name="runScenario" time="9.798"/>
  <testcase classname="runner.TestRunner" name="runScenario" time="8.511"/>
  <testcase classname="runner.TestRunner" name="runScenario" time="8.816"/>
  <testcase classname="runner.TestRunner" name="runScenario" time="9.071"/>
  <testcase classname="runner.TestRunner" name="runScenario" time="8.442"/>
  <testcase classname="runner.TestRunner" name="runScenario" time="10.007"/>
  <testcase classname="runner.TestRunner" name="runScenario" time="4.663"/>
  <testcase classname="runner.TestRunner" name="runScenario" time="9.025"/>
  <testcase classname="runner.TestRunner" name="runScenario" time="10.084"/>
  <testcase classname="runner.TestRunner" name="runScenario" time="8.415"/>
  <testcase classname="runner.TestRunner" name="runScenario" time="8.773"/>
  <testcase classname="runner.TestRunner" name="runScenario" time="5.662"/>
  <testcase classname="runner.TestRunner" name="runScenario" time="9.114"/>
  <testcase classname="runner.TestRunner" name="runScenario" time="7.506"/>
  <testcase classname="runner.TestRunner" name="runScenario" time="4.310"/>
  <testcase classname="runner.TestRunner" name="runScenario" time="9.080"/>
  <testcase classname="runner.TestRunner" name="runScenario" time="8.467"/>
  <testcase classname="runner.TestRunner" name="runScenario" time="10.078"/>
</testsuite> <!-- runner.TestRunner -->
