<?xml version="1.0" encoding="UTF-8"?>
<!-- Generated by org.testng.reporters.JUnitReportReporter -->
<testsuite hostname="SIVPRIHAAN" failures="0" tests="132" name="runner.TestRunner" time="1053.284" errors="0" timestamp="2024-03-27T15:16:56 EDT" skipped="0">
  <testcase classname="runner.TestRunner" name="runScenario" time="8.882"/>
  <testcase classname="runner.TestRunner" name="runScenario" time="9.239"/>
  <testcase classname="runner.TestRunner" name="runScenario" time="8.626"/>
  <testcase classname="runner.TestRunner" name="runScenario" time="9.208"/>
  <testcase classname="runner.TestRunner" name="runScenario" time="8.228"/>
  <testcase classname="runner.TestRunner" name="runScenario" time="6.397"/>
  <testcase classname="runner.TestRunner" name="runScenario" time="9.213"/>
  <testcase classname="runner.TestRunner" name="runScenario" time="7.819"/>
  <testcase classname="runner.TestRunner" name="runScenario" time="11.490"/>
  <testcase classname="runner.TestRunner" name="runScenario" time="8.166"/>
  <testcase classname="runner.TestRunner" name="runScenario" time="7.506"/>
  <testcase classname="runner.TestRunner" name="runScenario" time="5.037"/>
  <testcase classname="runner.TestRunner" name="runScenario" time="8.450"/>
  <testcase classname="runner.TestRunner" name="runScenario" time="7.569"/>
  <testcase classname="runner.TestRunner" name="runScenario" time="7.340"/>
  <testcase classname="runner.TestRunner" name="runScenario" time="7.865"/>
  <testcase classname="runner.TestRunner" name="runScenario" time="8.601"/>
  <testcase classname="runner.TestRunner" name="runScenario" time="8.470"/>
  <testcase classname="runner.TestRunner" name="runScenario" time="9.220"/>
  <testcase classname="runner.TestRunner" name="runScenario" time="8.293"/>
  <testcase classname="runner.TestRunner" name="runScenario" time="8.611"/>
  <testcase classname="runner.TestRunner" name="runScenario" time="6.216"/>
  <testcase classname="runner.TestRunner" name="runScenario" time="7.496"/>
  <testcase classname="runner.TestRunner" name="runScenario" time="7.490"/>
  <testcase classname="runner.TestRunner" name="runScenario" time="8.668"/>
  <testcase classname="runner.TestRunner" name="runScenario" time="9.794"/>
  <testcase classname="runner.TestRunner" name="runScenario" time="10.107"/>
  <testcase classname="runner.TestRunner" name="runScenario" time="5.173"/>
  <testcase classname="runner.TestRunner" name="runScenario" time="8.086"/>
  <testcase classname="runner.TestRunner" name="runScenario" time="7.812"/>
  <testcase classname="runner.TestRunner" name="runScenario" time="8.358"/>
  <testcase classname="runner.TestRunner" name="runScenario" time="6.240"/>
  <testcase classname="runner.TestRunner" name="runScenario" time="5.234"/>
  <testcase classname="runner.TestRunner" name="runScenario" time="9.661"/>
  <testcase classname="runner.TestRunner" name="runScenario" time="9.881"/>
  <testcase classname="runner.TestRunner" name="runScenario" time="8.879"/>
  <testcase classname="runner.TestRunner" name="runScenario" time="9.213"/>
  <testcase classname="runner.TestRunner" name="runScenario" time="8.171"/>
  <testcase classname="runner.TestRunner" name="runScenario" time="4.408"/>
  <testcase classname="runner.TestRunner" name="runScenario" time="8.300"/>
  <testcase classname="runner.TestRunner" name="runScenario" time="9.213"/>
  <testcase classname="runner.TestRunner" name="runScenario" time="5.491"/>
  <testcase classname="runner.TestRunner" name="runScenario" time="7.947"/>
  <testcase classname="runner.TestRunner" name="runScenario" time="9.213"/>
  <testcase classname="runner.TestRunner" name="runScenario" time="8.089"/>
  <testcase classname="runner.TestRunner" name="runScenario" time="9.526"/>
  <testcase classname="runner.TestRunner" name="runScenario" time="6.314"/>
  <testcase classname="runner.TestRunner" name="runScenario" time="6.804"/>
  <testcase classname="runner.TestRunner" name="runScenario" time="8.206"/>
  <testcase classname="runner.TestRunner" name="runScenario" time="7.409"/>
  <testcase classname="runner.TestRunner" name="runScenario" time="9.210"/>
  <testcase classname="runner.TestRunner" name="runScenario" time="9.200"/>
  <testcase classname="runner.TestRunner" name="runScenario" time="8.945"/>
  <testcase classname="runner.TestRunner" name="runScenario" time="9.196"/>
  <testcase classname="runner.TestRunner" name="runScenario" time="8.457"/>
  <testcase classname="runner.TestRunner" name="runScenario" time="5.705"/>
  <testcase classname="runner.TestRunner" name="runScenario" time="7.968"/>
  <testcase classname="runner.TestRunner" name="runScenario" time="5.048"/>
  <testcase classname="runner.TestRunner" name="runScenario" time="7.822"/>
  <testcase classname="runner.TestRunner" name="runScenario" time="9.830"/>
  <testcase classname="runner.TestRunner" name="runScenario" time="8.129"/>
  <testcase classname="runner.TestRunner" name="runScenario" time="7.898"/>
  <testcase classname="runner.TestRunner" name="runScenario" time="9.515"/>
  <testcase classname="runner.TestRunner" name="runScenario" time="7.935"/>
  <testcase classname="runner.TestRunner" name="runScenario" time="4.907"/>
  <testcase classname="runner.TestRunner" name="runScenario" time="8.633"/>
  <testcase classname="runner.TestRunner" name="runScenario" time="8.434"/>
  <testcase classname="runner.TestRunner" name="runScenario" time="7.839"/>
  <testcase classname="runner.TestRunner" name="runScenario" time="8.295"/>
  <testcase classname="runner.TestRunner" name="runScenario" time="5.381"/>
  <testcase classname="runner.TestRunner" name="runScenario" time="9.337"/>
  <testcase classname="runner.TestRunner" name="runScenario" time="6.222"/>
  <testcase classname="runner.TestRunner" name="runScenario" time="8.178"/>
  <testcase classname="runner.TestRunner" name="runScenario" time="5.677"/>
  <testcase classname="runner.TestRunner" name="runScenario" time="4.532"/>
  <testcase classname="runner.TestRunner" name="runScenario" time="8.582"/>
  <testcase classname="runner.TestRunner" name="runScenario" time="8.817"/>
  <testcase classname="runner.TestRunner" name="runScenario" time="9.686"/>
  <testcase classname="runner.TestRunner" name="runScenario" time="8.214"/>
  <testcase classname="runner.TestRunner" name="runScenario" time="8.019"/>
  <testcase classname="runner.TestRunner" name="runScenario" time="8.732"/>
  <testcase classname="runner.TestRunner" name="runScenario" time="8.165"/>
  <testcase classname="runner.TestRunner" name="runScenario" time="10.391"/>
  <testcase classname="runner.TestRunner" name="runScenario" time="7.717"/>
  <testcase classname="runner.TestRunner" name="runScenario" time="6.781"/>
  <testcase classname="runner.TestRunner" name="runScenario" time="10.319"/>
  <testcase classname="runner.TestRunner" name="runScenario" time="4.660"/>
  <testcase classname="runner.TestRunner" name="runScenario" time="8.557"/>
  <testcase classname="runner.TestRunner" name="runScenario" time="8.124"/>
  <testcase classname="runner.TestRunner" name="runScenario" time="8.824"/>
  <testcase classname="runner.TestRunner" name="runScenario" time="6.292"/>
  <testcase classname="runner.TestRunner" name="runScenario" time="9.052"/>
  <testcase classname="runner.TestRunner" name="runScenario" time="8.059"/>
  <testcase classname="runner.TestRunner" name="runScenario" time="9.618"/>
  <testcase classname="runner.TestRunner" name="runScenario" time="5.926"/>
  <testcase classname="runner.TestRunner" name="runScenario" time="9.548"/>
  <testcase classname="runner.TestRunner" name="runScenario" time="5.354"/>
  <testcase classname="runner.TestRunner" name="runScenario" time="8.492"/>
  <testcase classname="runner.TestRunner" name="runScenario" time="9.675"/>
  <testcase classname="runner.TestRunner" name="runScenario" time="8.747"/>
  <testcase classname="runner.TestRunner" name="runScenario" time="8.671"/>
  <testcase classname="runner.TestRunner" name="runScenario" time="8.820"/>
  <testcase classname="runner.TestRunner" name="runScenario" time="7.141"/>
  <testcase classname="runner.TestRunner" name="runScenario" time="5.429"/>
  <testcase classname="runner.TestRunner" name="runScenario" time="8.537"/>
  <testcase classname="runner.TestRunner" name="runScenario" time="6.663"/>
  <testcase classname="runner.TestRunner" name="runScenario" time="9.213"/>
  <testcase classname="runner.TestRunner" name="runScenario" time="8.527"/>
  <testcase classname="runner.TestRunner" name="runScenario" time="8.469"/>
  <testcase classname="runner.TestRunner" name="runScenario" time="5.828"/>
  <testcase classname="runner.TestRunner" name="runScenario" time="7.983"/>
  <testcase classname="runner.TestRunner" name="runScenario" time="5.286"/>
  <testcase classname="runner.TestRunner" name="runScenario" time="9.196"/>
  <testcase classname="runner.TestRunner" name="runScenario" time="7.748"/>
  <testcase classname="runner.TestRunner" name="runScenario" time="9.213"/>
  <testcase classname="runner.TestRunner" name="runScenario" time="8.493"/>
  <testcase classname="runner.TestRunner" name="runScenario" time="7.327"/>
  <testcase classname="runner.TestRunner" name="runScenario" time="9.765"/>
  <testcase classname="runner.TestRunner" name="runScenario" time="8.771"/>
  <testcase classname="runner.TestRunner" name="runScenario" time="9.979"/>
  <testcase classname="runner.TestRunner" name="runScenario" time="8.267"/>
  <testcase classname="runner.TestRunner" name="runScenario" time="8.767"/>
  <testcase classname="runner.TestRunner" name="runScenario" time="8.546"/>
  <testcase classname="runner.TestRunner" name="runScenario" time="7.772"/>
  <testcase classname="runner.TestRunner" name="runScenario" time="5.171"/>
  <testcase classname="runner.TestRunner" name="runScenario" time="8.497"/>
  <testcase classname="runner.TestRunner" name="runScenario" time="8.027"/>
  <testcase classname="runner.TestRunner" name="runScenario" time="4.449"/>
  <testcase classname="runner.TestRunner" name="runScenario" time="7.146"/>
  <testcase classname="runner.TestRunner" name="runScenario" time="8.565"/>
  <testcase classname="runner.TestRunner" name="runScenario" time="8.030"/>
  <testcase classname="runner.TestRunner" name="runScenario" time="8.715"/>
</testsuite> <!-- runner.TestRunner -->
