<?xml version="1.0" encoding="UTF-8"?>
<!-- Generated by org.testng.reporters.JUnitReportReporter -->
<testsuite hostname="SIVPRIHAAN" failures="0" tests="396" name="runner.TestRunner" time="3873.371" errors="0" timestamp="2024-03-23T22:42:51 EDT" skipped="0">
  <testcase classname="runner.TestRunner" name="runScenario" time="8.205"/>
  <testcase classname="runner.TestRunner" name="runScenario" time="8.392"/>
  <testcase classname="runner.TestRunner" name="runScenario" time="9.639"/>
  <testcase classname="runner.TestRunner" name="runScenario" time="11.957"/>
  <testcase classname="runner.TestRunner" name="runScenario" time="11.628"/>
  <testcase classname="runner.TestRunner" name="runScenario" time="4.337"/>
  <testcase classname="runner.TestRunner" name="runScenario" time="12.768"/>
  <testcase classname="runner.TestRunner" name="runScenario" time="4.791"/>
  <testcase classname="runner.TestRunner" name="runScenario" time="6.728"/>
  <testcase classname="runner.TestRunner" name="runScenario" time="7.687"/>
  <testcase classname="runner.TestRunner" name="runScenario" time="4.669"/>
  <testcase classname="runner.TestRunner" name="runScenario" time="16.717"/>
  <testcase classname="runner.TestRunner" name="runScenario" time="6.603"/>
  <testcase classname="runner.TestRunner" name="runScenario" time="13.217"/>
  <testcase classname="runner.TestRunner" name="runScenario" time="8.307"/>
  <testcase classname="runner.TestRunner" name="runScenario" time="6.445"/>
  <testcase classname="runner.TestRunner" name="runScenario" time="11.961"/>
  <testcase classname="runner.TestRunner" name="runScenario" time="8.650"/>
  <testcase classname="runner.TestRunner" name="runScenario" time="16.143"/>
  <testcase classname="runner.TestRunner" name="runScenario" time="14.062"/>
  <testcase classname="runner.TestRunner" name="runScenario" time="11.310"/>
  <testcase classname="runner.TestRunner" name="runScenario" time="8.620"/>
  <testcase classname="runner.TestRunner" name="runScenario" time="6.551"/>
  <testcase classname="runner.TestRunner" name="runScenario" time="8.577"/>
  <testcase classname="runner.TestRunner" name="runScenario" time="12.750"/>
  <testcase classname="runner.TestRunner" name="runScenario" time="11.487"/>
  <testcase classname="runner.TestRunner" name="runScenario" time="6.549"/>
  <testcase classname="runner.TestRunner" name="runScenario" time="4.986"/>
  <testcase classname="runner.TestRunner" name="runScenario" time="9.549"/>
  <testcase classname="runner.TestRunner" name="runScenario" time="11.805"/>
  <testcase classname="runner.TestRunner" name="runScenario" time="6.763"/>
  <testcase classname="runner.TestRunner" name="runScenario" time="11.415"/>
  <testcase classname="runner.TestRunner" name="runScenario" time="10.343"/>
  <testcase classname="runner.TestRunner" name="runScenario" time="10.076"/>
  <testcase classname="runner.TestRunner" name="runScenario" time="6.197"/>
  <testcase classname="runner.TestRunner" name="runScenario" time="11.751"/>
  <testcase classname="runner.TestRunner" name="runScenario" time="14.364"/>
  <testcase classname="runner.TestRunner" name="runScenario" time="6.905"/>
  <testcase classname="runner.TestRunner" name="runScenario" time="8.851"/>
  <testcase classname="runner.TestRunner" name="runScenario" time="11.489"/>
  <testcase classname="runner.TestRunner" name="runScenario" time="5.806"/>
  <testcase classname="runner.TestRunner" name="runScenario" time="11.846"/>
  <testcase classname="runner.TestRunner" name="runScenario" time="4.043"/>
  <testcase classname="runner.TestRunner" name="runScenario" time="8.528"/>
  <testcase classname="runner.TestRunner" name="runScenario" time="13.312"/>
  <testcase classname="runner.TestRunner" name="runScenario" time="8.299"/>
  <testcase classname="runner.TestRunner" name="runScenario" time="7.232"/>
  <testcase classname="runner.TestRunner" name="runScenario" time="12.728"/>
  <testcase classname="runner.TestRunner" name="runScenario" time="8.658"/>
  <testcase classname="runner.TestRunner" name="runScenario" time="7.069"/>
  <testcase classname="runner.TestRunner" name="runScenario" time="7.198"/>
  <testcase classname="runner.TestRunner" name="runScenario" time="7.105"/>
  <testcase classname="runner.TestRunner" name="runScenario" time="6.432"/>
  <testcase classname="runner.TestRunner" name="runScenario" time="12.370"/>
  <testcase classname="runner.TestRunner" name="runScenario" time="10.817"/>
  <testcase classname="runner.TestRunner" name="runScenario" time="3.445"/>
  <testcase classname="runner.TestRunner" name="runScenario" time="10.784"/>
  <testcase classname="runner.TestRunner" name="runScenario" time="11.806"/>
  <testcase classname="runner.TestRunner" name="runScenario" time="7.557"/>
  <testcase classname="runner.TestRunner" name="runScenario" time="11.924"/>
  <testcase classname="runner.TestRunner" name="runScenario" time="10.684"/>
  <testcase classname="runner.TestRunner" name="runScenario" time="10.920"/>
  <testcase classname="runner.TestRunner" name="runScenario" time="7.243"/>
  <testcase classname="runner.TestRunner" name="runScenario" time="11.946"/>
  <testcase classname="runner.TestRunner" name="runScenario" time="6.445"/>
  <testcase classname="runner.TestRunner" name="runScenario" time="10.607"/>
  <testcase classname="runner.TestRunner" name="runScenario" time="8.905"/>
  <testcase classname="runner.TestRunner" name="runScenario" time="8.171"/>
  <testcase classname="runner.TestRunner" name="runScenario" time="12.222"/>
  <testcase classname="runner.TestRunner" name="runScenario" time="9.107"/>
  <testcase classname="runner.TestRunner" name="runScenario" time="10.650"/>
  <testcase classname="runner.TestRunner" name="runScenario" time="9.152"/>
  <testcase classname="runner.TestRunner" name="runScenario" time="12.403"/>
  <testcase classname="runner.TestRunner" name="runScenario" time="12.511"/>
  <testcase classname="runner.TestRunner" name="runScenario" time="9.932"/>
  <testcase classname="runner.TestRunner" name="runScenario" time="10.857"/>
  <testcase classname="runner.TestRunner" name="runScenario" time="6.630"/>
  <testcase classname="runner.TestRunner" name="runScenario" time="10.988"/>
  <testcase classname="runner.TestRunner" name="runScenario" time="8.408"/>
  <testcase classname="runner.TestRunner" name="runScenario" time="9.639"/>
  <testcase classname="runner.TestRunner" name="runScenario" time="11.096"/>
  <testcase classname="runner.TestRunner" name="runScenario" time="9.525"/>
  <testcase classname="runner.TestRunner" name="runScenario" time="12.393"/>
  <testcase classname="runner.TestRunner" name="runScenario" time="9.454"/>
  <testcase classname="runner.TestRunner" name="runScenario" time="7.279"/>
  <testcase classname="runner.TestRunner" name="runScenario" time="9.364"/>
  <testcase classname="runner.TestRunner" name="runScenario" time="11.572"/>
  <testcase classname="runner.TestRunner" name="runScenario" time="6.576"/>
  <testcase classname="runner.TestRunner" name="runScenario" time="9.935"/>
  <testcase classname="runner.TestRunner" name="runScenario" time="10.372"/>
  <testcase classname="runner.TestRunner" name="runScenario" time="11.303"/>
  <testcase classname="runner.TestRunner" name="runScenario" time="16.499"/>
  <testcase classname="runner.TestRunner" name="runScenario" time="5.902"/>
  <testcase classname="runner.TestRunner" name="runScenario" time="12.228"/>
  <testcase classname="runner.TestRunner" name="runScenario" time="13.518"/>
  <testcase classname="runner.TestRunner" name="runScenario" time="12.015"/>
  <testcase classname="runner.TestRunner" name="runScenario" time="11.067"/>
  <testcase classname="runner.TestRunner" name="runScenario" time="9.831"/>
  <testcase classname="runner.TestRunner" name="runScenario" time="14.524"/>
  <testcase classname="runner.TestRunner" name="runScenario" time="9.259"/>
  <testcase classname="runner.TestRunner" name="runScenario" time="12.450"/>
  <testcase classname="runner.TestRunner" name="runScenario" time="7.630"/>
  <testcase classname="runner.TestRunner" name="runScenario" time="7.719"/>
  <testcase classname="runner.TestRunner" name="runScenario" time="9.014"/>
  <testcase classname="runner.TestRunner" name="runScenario" time="10.347"/>
  <testcase classname="runner.TestRunner" name="runScenario" time="9.525"/>
  <testcase classname="runner.TestRunner" name="runScenario" time="9.536"/>
  <testcase classname="runner.TestRunner" name="runScenario" time="13.722"/>
  <testcase classname="runner.TestRunner" name="runScenario" time="3.475"/>
  <testcase classname="runner.TestRunner" name="runScenario" time="6.724"/>
  <testcase classname="runner.TestRunner" name="runScenario" time="7.654"/>
  <testcase classname="runner.TestRunner" name="runScenario" time="6.658"/>
  <testcase classname="runner.TestRunner" name="runScenario" time="12.086"/>
  <testcase classname="runner.TestRunner" name="runScenario" time="11.020"/>
  <testcase classname="runner.TestRunner" name="runScenario" time="9.183"/>
  <testcase classname="runner.TestRunner" name="runScenario" time="4.551"/>
  <testcase classname="runner.TestRunner" name="runScenario" time="5.100"/>
  <testcase classname="runner.TestRunner" name="runScenario" time="13.570"/>
  <testcase classname="runner.TestRunner" name="runScenario" time="6.179"/>
  <testcase classname="runner.TestRunner" name="runScenario" time="9.750"/>
  <testcase classname="runner.TestRunner" name="runScenario" time="11.487"/>
  <testcase classname="runner.TestRunner" name="runScenario" time="8.410"/>
  <testcase classname="runner.TestRunner" name="runScenario" time="5.978"/>
  <testcase classname="runner.TestRunner" name="runScenario" time="12.006"/>
  <testcase classname="runner.TestRunner" name="runScenario" time="9.412"/>
  <testcase classname="runner.TestRunner" name="runScenario" time="9.113"/>
  <testcase classname="runner.TestRunner" name="runScenario" time="11.426"/>
  <testcase classname="runner.TestRunner" name="runScenario" time="9.021"/>
  <testcase classname="runner.TestRunner" name="runScenario" time="11.553"/>
  <testcase classname="runner.TestRunner" name="runScenario" time="5.709"/>
  <testcase classname="runner.TestRunner" name="runScenario" time="8.643"/>
  <testcase classname="runner.TestRunner" name="runScenario" time="9.959"/>
  <testcase classname="runner.TestRunner" name="runScenario" time="3.673"/>
  <testcase classname="runner.TestRunner" name="runScenario" time="7.900"/>
  <testcase classname="runner.TestRunner" name="runScenario" time="10.277"/>
  <testcase classname="runner.TestRunner" name="runScenario" time="13.928"/>
  <testcase classname="runner.TestRunner" name="runScenario" time="12.032"/>
  <testcase classname="runner.TestRunner" name="runScenario" time="9.397"/>
  <testcase classname="runner.TestRunner" name="runScenario" time="14.198"/>
  <testcase classname="runner.TestRunner" name="runScenario" time="10.138"/>
  <testcase classname="runner.TestRunner" name="runScenario" time="8.547"/>
  <testcase classname="runner.TestRunner" name="runScenario" time="13.688"/>
  <testcase classname="runner.TestRunner" name="runScenario" time="7.318"/>
  <testcase classname="runner.TestRunner" name="runScenario" time="8.865"/>
  <testcase classname="runner.TestRunner" name="runScenario" time="8.456"/>
  <testcase classname="runner.TestRunner" name="runScenario" time="12.291"/>
  <testcase classname="runner.TestRunner" name="runScenario" time="11.252"/>
  <testcase classname="runner.TestRunner" name="runScenario" time="10.510"/>
  <testcase classname="runner.TestRunner" name="runScenario" time="9.789"/>
  <testcase classname="runner.TestRunner" name="runScenario" time="10.728"/>
  <testcase classname="runner.TestRunner" name="runScenario" time="11.732"/>
  <testcase classname="runner.TestRunner" name="runScenario" time="10.430"/>
  <testcase classname="runner.TestRunner" name="runScenario" time="4.302"/>
  <testcase classname="runner.TestRunner" name="runScenario" time="14.370"/>
  <testcase classname="runner.TestRunner" name="runScenario" time="9.393"/>
  <testcase classname="runner.TestRunner" name="runScenario" time="11.747"/>
  <testcase classname="runner.TestRunner" name="runScenario" time="11.466"/>
  <testcase classname="runner.TestRunner" name="runScenario" time="5.914"/>
  <testcase classname="runner.TestRunner" name="runScenario" time="3.285"/>
  <testcase classname="runner.TestRunner" name="runScenario" time="5.456"/>
  <testcase classname="runner.TestRunner" name="runScenario" time="11.252"/>
  <testcase classname="runner.TestRunner" name="runScenario" time="7.880"/>
  <testcase classname="runner.TestRunner" name="runScenario" time="4.687"/>
  <testcase classname="runner.TestRunner" name="runScenario" time="12.557"/>
  <testcase classname="runner.TestRunner" name="runScenario" time="8.691"/>
  <testcase classname="runner.TestRunner" name="runScenario" time="10.616"/>
  <testcase classname="runner.TestRunner" name="runScenario" time="13.177"/>
  <testcase classname="runner.TestRunner" name="runScenario" time="11.902"/>
  <testcase classname="runner.TestRunner" name="runScenario" time="6.196"/>
  <testcase classname="runner.TestRunner" name="runScenario" time="10.915"/>
  <testcase classname="runner.TestRunner" name="runScenario" time="5.235"/>
  <testcase classname="runner.TestRunner" name="runScenario" time="10.866"/>
  <testcase classname="runner.TestRunner" name="runScenario" time="13.025"/>
  <testcase classname="runner.TestRunner" name="runScenario" time="13.229"/>
  <testcase classname="runner.TestRunner" name="runScenario" time="8.123"/>
  <testcase classname="runner.TestRunner" name="runScenario" time="10.538"/>
  <testcase classname="runner.TestRunner" name="runScenario" time="10.102"/>
  <testcase classname="runner.TestRunner" name="runScenario" time="7.992"/>
  <testcase classname="runner.TestRunner" name="runScenario" time="12.672"/>
  <testcase classname="runner.TestRunner" name="runScenario" time="7.856"/>
  <testcase classname="runner.TestRunner" name="runScenario" time="10.348"/>
  <testcase classname="runner.TestRunner" name="runScenario" time="11.294"/>
  <testcase classname="runner.TestRunner" name="runScenario" time="8.992"/>
  <testcase classname="runner.TestRunner" name="runScenario" time="14.844"/>
  <testcase classname="runner.TestRunner" name="runScenario" time="7.156"/>
  <testcase classname="runner.TestRunner" name="runScenario" time="11.961"/>
  <testcase classname="runner.TestRunner" name="runScenario" time="6.662"/>
  <testcase classname="runner.TestRunner" name="runScenario" time="6.443"/>
  <testcase classname="runner.TestRunner" name="runScenario" time="7.780"/>
  <testcase classname="runner.TestRunner" name="runScenario" time="12.465"/>
  <testcase classname="runner.TestRunner" name="runScenario" time="5.474"/>
  <testcase classname="runner.TestRunner" name="runScenario" time="6.630"/>
  <testcase classname="runner.TestRunner" name="runScenario" time="11.222"/>
  <testcase classname="runner.TestRunner" name="runScenario" time="7.173"/>
  <testcase classname="runner.TestRunner" name="runScenario" time="13.326"/>
  <testcase classname="runner.TestRunner" name="runScenario" time="10.120"/>
  <testcase classname="runner.TestRunner" name="runScenario" time="5.218"/>
  <testcase classname="runner.TestRunner" name="runScenario" time="6.540"/>
  <testcase classname="runner.TestRunner" name="runScenario" time="5.676"/>
  <testcase classname="runner.TestRunner" name="runScenario" time="7.198"/>
  <testcase classname="runner.TestRunner" name="runScenario" time="12.067"/>
  <testcase classname="runner.TestRunner" name="runScenario" time="8.253"/>
  <testcase classname="runner.TestRunner" name="runScenario" time="12.906"/>
  <testcase classname="runner.TestRunner" name="runScenario" time="16.024"/>
  <testcase classname="runner.TestRunner" name="runScenario" time="7.473"/>
  <testcase classname="runner.TestRunner" name="runScenario" time="9.676"/>
  <testcase classname="runner.TestRunner" name="runScenario" time="12.759"/>
  <testcase classname="runner.TestRunner" name="runScenario" time="11.580"/>
  <testcase classname="runner.TestRunner" name="runScenario" time="11.758"/>
  <testcase classname="runner.TestRunner" name="runScenario" time="12.071"/>
  <testcase classname="runner.TestRunner" name="runScenario" time="15.547"/>
  <testcase classname="runner.TestRunner" name="runScenario" time="16.699"/>
  <testcase classname="runner.TestRunner" name="runScenario" time="11.589"/>
  <testcase classname="runner.TestRunner" name="runScenario" time="9.572"/>
  <testcase classname="runner.TestRunner" name="runScenario" time="11.739"/>
  <testcase classname="runner.TestRunner" name="runScenario" time="11.360"/>
  <testcase classname="runner.TestRunner" name="runScenario" time="6.226"/>
  <testcase classname="runner.TestRunner" name="runScenario" time="11.927"/>
  <testcase classname="runner.TestRunner" name="runScenario" time="5.028"/>
  <testcase classname="runner.TestRunner" name="runScenario" time="13.937"/>
  <testcase classname="runner.TestRunner" name="runScenario" time="6.707"/>
  <testcase classname="runner.TestRunner" name="runScenario" time="11.587"/>
  <testcase classname="runner.TestRunner" name="runScenario" time="9.601"/>
  <testcase classname="runner.TestRunner" name="runScenario" time="8.531"/>
  <testcase classname="runner.TestRunner" name="runScenario" time="13.107"/>
  <testcase classname="runner.TestRunner" name="runScenario" time="13.357"/>
  <testcase classname="runner.TestRunner" name="runScenario" time="6.921"/>
  <testcase classname="runner.TestRunner" name="runScenario" time="8.826"/>
  <testcase classname="runner.TestRunner" name="runScenario" time="11.511"/>
  <testcase classname="runner.TestRunner" name="runScenario" time="11.259"/>
  <testcase classname="runner.TestRunner" name="runScenario" time="14.154"/>
  <testcase classname="runner.TestRunner" name="runScenario" time="5.802"/>
  <testcase classname="runner.TestRunner" name="runScenario" time="8.054"/>
  <testcase classname="runner.TestRunner" name="runScenario" time="6.921"/>
  <testcase classname="runner.TestRunner" name="runScenario" time="10.172"/>
  <testcase classname="runner.TestRunner" name="runScenario" time="10.808"/>
  <testcase classname="runner.TestRunner" name="runScenario" time="11.157"/>
  <testcase classname="runner.TestRunner" name="runScenario" time="6.531"/>
  <testcase classname="runner.TestRunner" name="runScenario" time="13.993"/>
  <testcase classname="runner.TestRunner" name="runScenario" time="15.978"/>
  <testcase classname="runner.TestRunner" name="runScenario" time="10.932"/>
  <testcase classname="runner.TestRunner" name="runScenario" time="9.576"/>
  <testcase classname="runner.TestRunner" name="runScenario" time="5.509"/>
  <testcase classname="runner.TestRunner" name="runScenario" time="11.937"/>
  <testcase classname="runner.TestRunner" name="runScenario" time="11.960"/>
  <testcase classname="runner.TestRunner" name="runScenario" time="5.646"/>
  <testcase classname="runner.TestRunner" name="runScenario" time="9.859"/>
  <testcase classname="runner.TestRunner" name="runScenario" time="10.455"/>
  <testcase classname="runner.TestRunner" name="runScenario" time="11.039"/>
  <testcase classname="runner.TestRunner" name="runScenario" time="11.640"/>
  <testcase classname="runner.TestRunner" name="runScenario" time="3.937"/>
  <testcase classname="runner.TestRunner" name="runScenario" time="15.617"/>
  <testcase classname="runner.TestRunner" name="runScenario" time="11.670"/>
  <testcase classname="runner.TestRunner" name="runScenario" time="5.829"/>
  <testcase classname="runner.TestRunner" name="runScenario" time="8.600"/>
  <testcase classname="runner.TestRunner" name="runScenario" time="6.091"/>
  <testcase classname="runner.TestRunner" name="runScenario" time="14.233"/>
  <testcase classname="runner.TestRunner" name="runScenario" time="11.294"/>
  <testcase classname="runner.TestRunner" name="runScenario" time="11.339"/>
  <testcase classname="runner.TestRunner" name="runScenario" time="15.123"/>
  <testcase classname="runner.TestRunner" name="runScenario" time="8.006"/>
  <testcase classname="runner.TestRunner" name="runScenario" time="8.888"/>
  <testcase classname="runner.TestRunner" name="runScenario" time="12.668"/>
  <testcase classname="runner.TestRunner" name="runScenario" time="12.366"/>
  <testcase classname="runner.TestRunner" name="runScenario" time="8.723"/>
  <testcase classname="runner.TestRunner" name="runScenario" time="9.495"/>
  <testcase classname="runner.TestRunner" name="runScenario" time="16.457"/>
  <testcase classname="runner.TestRunner" name="runScenario" time="11.269"/>
  <testcase classname="runner.TestRunner" name="runScenario" time="12.461"/>
  <testcase classname="runner.TestRunner" name="runScenario" time="11.383"/>
  <testcase classname="runner.TestRunner" name="runScenario" time="6.124"/>
  <testcase classname="runner.TestRunner" name="runScenario" time="5.873"/>
  <testcase classname="runner.TestRunner" name="runScenario" time="5.023"/>
  <testcase classname="runner.TestRunner" name="runScenario" time="4.018"/>
  <testcase classname="runner.TestRunner" name="runScenario" time="7.986"/>
  <testcase classname="runner.TestRunner" name="runScenario" time="4.833"/>
  <testcase classname="runner.TestRunner" name="runScenario" time="6.746"/>
  <testcase classname="runner.TestRunner" name="runScenario" time="9.604"/>
  <testcase classname="runner.TestRunner" name="runScenario" time="11.082"/>
  <testcase classname="runner.TestRunner" name="runScenario" time="13.344"/>
  <testcase classname="runner.TestRunner" name="runScenario" time="7.620"/>
  <testcase classname="runner.TestRunner" name="runScenario" time="9.382"/>
  <testcase classname="runner.TestRunner" name="runScenario" time="8.985"/>
  <testcase classname="runner.TestRunner" name="runScenario" time="6.612"/>
  <testcase classname="runner.TestRunner" name="runScenario" time="9.505"/>
  <testcase classname="runner.TestRunner" name="runScenario" time="6.154"/>
  <testcase classname="runner.TestRunner" name="runScenario" time="14.005"/>
  <testcase classname="runner.TestRunner" name="runScenario" time="16.185"/>
  <testcase classname="runner.TestRunner" name="runScenario" time="10.500"/>
  <testcase classname="runner.TestRunner" name="runScenario" time="8.850"/>
  <testcase classname="runner.TestRunner" name="runScenario" time="8.196"/>
  <testcase classname="runner.TestRunner" name="runScenario" time="14.282"/>
  <testcase classname="runner.TestRunner" name="runScenario" time="8.857"/>
  <testcase classname="runner.TestRunner" name="runScenario" time="12.106"/>
  <testcase classname="runner.TestRunner" name="runScenario" time="10.837"/>
  <testcase classname="runner.TestRunner" name="runScenario" time="5.570"/>
  <testcase classname="runner.TestRunner" name="runScenario" time="9.679"/>
  <testcase classname="runner.TestRunner" name="runScenario" time="6.679"/>
  <testcase classname="runner.TestRunner" name="runScenario" time="9.424"/>
  <testcase classname="runner.TestRunner" name="runScenario" time="10.042"/>
  <testcase classname="runner.TestRunner" name="runScenario" time="6.782"/>
  <testcase classname="runner.TestRunner" name="runScenario" time="11.516"/>
  <testcase classname="runner.TestRunner" name="runScenario" time="8.331"/>
  <testcase classname="runner.TestRunner" name="runScenario" time="6.473"/>
  <testcase classname="runner.TestRunner" name="runScenario" time="7.159"/>
  <testcase classname="runner.TestRunner" name="runScenario" time="9.696"/>
  <testcase classname="runner.TestRunner" name="runScenario" time="11.615"/>
  <testcase classname="runner.TestRunner" name="runScenario" time="11.922"/>
  <testcase classname="runner.TestRunner" name="runScenario" time="6.833"/>
  <testcase classname="runner.TestRunner" name="runScenario" time="4.856"/>
  <testcase classname="runner.TestRunner" name="runScenario" time="5.407"/>
  <testcase classname="runner.TestRunner" name="runScenario" time="11.543"/>
  <testcase classname="runner.TestRunner" name="runScenario" time="7.768"/>
  <testcase classname="runner.TestRunner" name="runScenario" time="10.213"/>
  <testcase classname="runner.TestRunner" name="runScenario" time="12.971"/>
  <testcase classname="runner.TestRunner" name="runScenario" time="3.654"/>
  <testcase classname="runner.TestRunner" name="runScenario" time="12.566"/>
  <testcase classname="runner.TestRunner" name="runScenario" time="11.293"/>
  <testcase classname="runner.TestRunner" name="runScenario" time="8.202"/>
  <testcase classname="runner.TestRunner" name="runScenario" time="7.332"/>
  <testcase classname="runner.TestRunner" name="runScenario" time="13.016"/>
  <testcase classname="runner.TestRunner" name="runScenario" time="12.344"/>
  <testcase classname="runner.TestRunner" name="runScenario" time="12.742"/>
  <testcase classname="runner.TestRunner" name="runScenario" time="12.761"/>
  <testcase classname="runner.TestRunner" name="runScenario" time="13.745"/>
  <testcase classname="runner.TestRunner" name="runScenario" time="13.483"/>
  <testcase classname="runner.TestRunner" name="runScenario" time="9.445"/>
  <testcase classname="runner.TestRunner" name="runScenario" time="13.375"/>
  <testcase classname="runner.TestRunner" name="runScenario" time="13.426"/>
  <testcase classname="runner.TestRunner" name="runScenario" time="10.809"/>
  <testcase classname="runner.TestRunner" name="runScenario" time="9.362"/>
  <testcase classname="runner.TestRunner" name="runScenario" time="11.188"/>
  <testcase classname="runner.TestRunner" name="runScenario" time="12.539"/>
  <testcase classname="runner.TestRunner" name="runScenario" time="7.540"/>
  <testcase classname="runner.TestRunner" name="runScenario" time="6.594"/>
  <testcase classname="runner.TestRunner" name="runScenario" time="7.157"/>
  <testcase classname="runner.TestRunner" name="runScenario" time="8.441"/>
  <testcase classname="runner.TestRunner" name="runScenario" time="9.568"/>
  <testcase classname="runner.TestRunner" name="runScenario" time="7.892"/>
  <testcase classname="runner.TestRunner" name="runScenario" time="6.723"/>
  <testcase classname="runner.TestRunner" name="runScenario" time="12.135"/>
  <testcase classname="runner.TestRunner" name="runScenario" time="12.865"/>
  <testcase classname="runner.TestRunner" name="runScenario" time="6.869"/>
  <testcase classname="runner.TestRunner" name="runScenario" time="11.099"/>
  <testcase classname="runner.TestRunner" name="runScenario" time="9.155"/>
  <testcase classname="runner.TestRunner" name="runScenario" time="3.422"/>
  <testcase classname="runner.TestRunner" name="runScenario" time="6.909"/>
  <testcase classname="runner.TestRunner" name="runScenario" time="10.101"/>
  <testcase classname="runner.TestRunner" name="runScenario" time="13.055"/>
  <testcase classname="runner.TestRunner" name="runScenario" time="8.768"/>
  <testcase classname="runner.TestRunner" name="runScenario" time="11.097"/>
  <testcase classname="runner.TestRunner" name="runScenario" time="7.847"/>
  <testcase classname="runner.TestRunner" name="runScenario" time="16.062"/>
  <testcase classname="runner.TestRunner" name="runScenario" time="12.697"/>
  <testcase classname="runner.TestRunner" name="runScenario" time="12.338"/>
  <testcase classname="runner.TestRunner" name="runScenario" time="9.618"/>
  <testcase classname="runner.TestRunner" name="runScenario" time="12.120"/>
  <testcase classname="runner.TestRunner" name="runScenario" time="9.634"/>
  <testcase classname="runner.TestRunner" name="runScenario" time="15.990"/>
  <testcase classname="runner.TestRunner" name="runScenario" time="12.772"/>
  <testcase classname="runner.TestRunner" name="runScenario" time="9.751"/>
  <testcase classname="runner.TestRunner" name="runScenario" time="10.587"/>
  <testcase classname="runner.TestRunner" name="runScenario" time="12.365"/>
  <testcase classname="runner.TestRunner" name="runScenario" time="5.018"/>
  <testcase classname="runner.TestRunner" name="runScenario" time="11.644"/>
  <testcase classname="runner.TestRunner" name="runScenario" time="13.502"/>
  <testcase classname="runner.TestRunner" name="runScenario" time="11.135"/>
  <testcase classname="runner.TestRunner" name="runScenario" time="5.344"/>
  <testcase classname="runner.TestRunner" name="runScenario" time="11.329"/>
  <testcase classname="runner.TestRunner" name="runScenario" time="10.666"/>
  <testcase classname="runner.TestRunner" name="runScenario" time="11.600"/>
  <testcase classname="runner.TestRunner" name="runScenario" time="7.182"/>
  <testcase classname="runner.TestRunner" name="runScenario" time="12.740"/>
  <testcase classname="runner.TestRunner" name="runScenario" time="12.175"/>
  <testcase classname="runner.TestRunner" name="runScenario" time="8.409"/>
  <testcase classname="runner.TestRunner" name="runScenario" time="11.535"/>
  <testcase classname="runner.TestRunner" name="runScenario" time="12.695"/>
  <testcase classname="runner.TestRunner" name="runScenario" time="10.645"/>
  <testcase classname="runner.TestRunner" name="runScenario" time="7.503"/>
  <testcase classname="runner.TestRunner" name="runScenario" time="4.892"/>
  <testcase classname="runner.TestRunner" name="runScenario" time="8.387"/>
  <testcase classname="runner.TestRunner" name="runScenario" time="11.635"/>
  <testcase classname="runner.TestRunner" name="runScenario" time="11.995"/>
  <testcase classname="runner.TestRunner" name="runScenario" time="11.299"/>
  <testcase classname="runner.TestRunner" name="runScenario" time="5.742"/>
  <testcase classname="runner.TestRunner" name="runScenario" time="10.260"/>
  <testcase classname="runner.TestRunner" name="runScenario" time="7.868"/>
  <testcase classname="runner.TestRunner" name="runScenario" time="16.259"/>
  <testcase classname="runner.TestRunner" name="runScenario" time="11.419"/>
  <testcase classname="runner.TestRunner" name="runScenario" time="13.353"/>
  <testcase classname="runner.TestRunner" name="runScenario" time="6.095"/>
  <testcase classname="runner.TestRunner" name="runScenario" time="7.282"/>
  <testcase classname="runner.TestRunner" name="runScenario" time="3.929"/>
  <testcase classname="runner.TestRunner" name="runScenario" time="7.450"/>
  <testcase classname="runner.TestRunner" name="runScenario" time="7.337"/>
  <testcase classname="runner.TestRunner" name="runScenario" time="9.176"/>
</testsuite> <!-- runner.TestRunner -->
